
udera@quickstart Impala]$ ./buildall.sh -noclean -skiptests -build_shared_libs > error.log
+ for ARG in '$*'
+ '[' '' = UNDEFINED ']'
+ case "$ARG" in
+ CLEAN_ACTION=0
+ for ARG in '$*'
+ '[' '' = UNDEFINED ']'
+ case "$ARG" in
+ TESTS_ACTION=0
+ for ARG in '$*'
+ '[' '' = UNDEFINED ']'
+ case "$ARG" in
+ '[' '' = UNDEFINED ']'
+ '[' '' '!=' '' ']'
+ '[' '!' -e /home/cloudera/test/IMPALA_HOME/Impala/thirdparty/gflags-2.0/libgflags.la ']'
+ '[' -e '/home/cloudera/hadoop-lzo/build/native/Linux-*-*/lib/libgplcompression.so' ']'
+ echo 'No hadoop-lzo found'
+ /home/cloudera/test/IMPALA_HOME/Impala/bin/start-impala-cluster.py --kill --force
catalogd(18511): Operation not permitted
catalogd: no process killed
impalad(6518): Operation not permitted
impalad: no process killed
statestored(6440): Operation not permitted
statestored: no process killed
mini-impala-cluster: no process killed
+ '[' 0 -eq 1 ']'
+ '[' 0 -eq 1 ']'
+ '[' 0 -eq 1 ']'
+ '[' 0 -eq 1 ']'
+ '[' 0 -eq 1 ']'
+ /home/cloudera/test/IMPALA_HOME/Impala/bin/create-test-configuration.sh
createdb: could not connect to database postgres: FATAL:  Ident authentication failed for user "hiveuser"
+ MAKE_IMPALA_ARGS=' -build_type=Debug -noclean -skiptests -build_shared_libs'
+ echo 'Calling make_impala.sh  -build_type=Debug -noclean -skiptests -build_shared_libs'
+ /home/cloudera/test/IMPALA_HOME/Impala/bin/make_impala.sh -build_type=Debug -noclean -skiptests -build_shared_libs
Boost  found.
Found Boost components:
   thread;regex-mt;system-mt;filesystem-mt
Using Thrift compiler: /home/cloudera/test/IMPALA_HOME/Impala/thirdparty/thrift-0.9.0/build/bin/thrift
Found output dir: /home/cloudera/test/IMPALA_HOME/Impala/shell/
STATUS,Compiler Flags: -msse4.2 -Wall -Wno-sign-compare -Wno-unknown-pragmas -pthread -fno-strict-aliasing -Wno-deprecated -DBOOST_DATE_TIME_POSIX_TIME_STD_CONFIG -g -ggdb -fverbose-asm -D_GNU_SOURCE -D__STDC_CONSTANT_MACROS -D__STDC_FORMAT_MACROS -D__STDC_LIMIT_MACROS
STATUS,Linker Libs: -Wl,--start-group;Catalog;CodeGen;Common;Exec;Exprs;GlobalFlags;ImpalaThrift;ResourceBroker;Rpc;Runtime;Scheduling;Service;Statestore;TestUtil;ThriftSaslTransport;Util;Webserver;-Wl,--end-group;Runtime;Exec;CodeGen;Exprs;Rpc;Service;Statestore;Scheduling;Catalog;ResourceBroker;Webserver;ImpalaThrift;GlobalFlags;Common;/home/cloudera/test/IMPALA_HOME/Impala/thirdparty/snappy-1.0.5/build/lib/libsnappy.a;/home/cloudera/test/IMPALA_HOME/Impala/thirdparty/lz4/liblz4.a;/home/cloudera/test/IMPALA_HOME/Impala/thirdparty/re2/obj/libre2.a;optimized;boost_thread-mt-shared;debug;boost_thread-mt-shared-debug;-ldl;/usr/local/lib/libLLVMLinker.a;/usr/local/lib/libLLVMBitReader.a;/usr/local/lib/libLLVMipo.a;/usr/local/lib/libLLVMVectorize.a;/usr/local/lib/libLLVMX86Disassembler.a;/usr/local/lib/libLLVMX86AsmParser.a;/usr/local/lib/libLLVMX86CodeGen.a;/usr/local/lib/libLLVMSelectionDAG.a;/usr/local/lib/libLLVMAsmPrinter.a;/usr/local/lib/libLLVMMCParser.a;/usr/local/lib/libLLVMX86Desc.a;/usr/local/lib/libLLVMX86Info.a;/usr/local/lib/libLLVMX86AsmPrinter.a;/usr/local/lib/libLLVMX86Utils.a;/usr/local/lib/libLLVMJIT.a;/usr/local/lib/libLLVMRuntimeDyld.a;/usr/local/lib/libLLVMExecutionEngine.a;/usr/local/lib/libLLVMCodeGen.a;/usr/local/lib/libLLVMObjCARCOpts.a;/usr/local/lib/libLLVMScalarOpts.a;/usr/local/lib/libLLVMInstCombine.a;/usr/local/lib/libLLVMTransformUtils.a;/usr/local/lib/libLLVMipa.a;/usr/local/lib/libLLVMAnalysis.a;/usr/local/lib/libLLVMTarget.a;/usr/local/lib/libLLVMMC.a;/usr/local/lib/libLLVMObject.a;/usr/local/lib/libLLVMCore.a;/usr/local/lib/libLLVMSupport.a;thriftstatic;saslstatic;ldapstatic;lberstatic;ThriftSaslTransport;/usr/java/jdk1.7.0_67-cloudera/jre/lib/amd64/server/libjvm.so;/home/cloudera/test/IMPALA_HOME/Impala/thirdparty/hadoop-2.0.0-cdh4.5.0/lib/native/libhdfs.so;glogstatic;gflagsstatic;gutil;pprofstatic;-lz;-lbz2;/home/cloudera/test/IMPALA_HOME/Impala/thirdparty/avro-c-1.7.4/src/libavro.a;-lrt;-lboost_date_time;tcmallocstatic;Udf
In file included from /home/cloudera/test/IMPALA_HOME/Impala/thirdparty/boost_multiprecision/cpp_int.hpp:1801,
                 from /home/cloudera/test/IMPALA_HOME/Impala/be/src/runtime/multi-precision.h:33,
                 from /home/cloudera/test/IMPALA_HOME/Impala/be/src/runtime/decimal-value.h:25,
                 from /home/cloudera/test/IMPALA_HOME/Impala/be/src/util/string-parser.h:24,
                 from /home/cloudera/test/IMPALA_HOME/Impala/be/src/runtime/timestamp-parse-util.h:24,
                 from /home/cloudera/test/IMPALA_HOME/Impala/be/src/runtime/timestamp-value.h:23,
                 from /home/cloudera/test/IMPALA_HOME/Impala/be/src/util/promise.h:19,
                 from /home/cloudera/test/IMPALA_HOME/Impala/be/src/rpc/auth-provider.h:24,
                 from /home/cloudera/test/IMPALA_HOME/Impala/be/src/rpc/authentication.h:22,
                 from /home/cloudera/test/IMPALA_HOME/Impala/be/src/rpc/thrift-client.h:33,
                 from /home/cloudera/test/IMPALA_HOME/Impala/be/src/statestore/statestore.h:32,
                 from /home/cloudera/test/IMPALA_HOME/Impala/be/src/statestore/statestore-subscriber.h:26,
                 from /home/cloudera/test/IMPALA_HOME/Impala/be/src/catalog/catalog-server.h:28,
                 from /home/cloudera/test/IMPALA_HOME/Impala/be/src/catalog/catalog-server.cc:15:
/home/cloudera/test/IMPALA_HOME/Impala/thirdparty/boost_multiprecision/cpp_int/misc.hpp: In function ‘typename boost::enable_if_c<boost::multiprecision::backends::is_trivial_cpp_int::value, void>::type boost::multiprecision::backends::eval_gcd(boost::multiprecision::backends::cpp_int_backend<MinBits, MaxBits, SignType, Checked, Allocator>&, const boost::multiprecision::backends::cpp_int_backend<MinBits, MaxBits, SignType, Checked, Allocator>&, const boost::multiprecision::backends::cpp_int_backend<MinBits, MaxBits, SignType, Checked, Allocator>&)’:
/home/cloudera/test/IMPALA_HOME/Impala/thirdparty/boost_multiprecision/cpp_int/misc.hpp:485: error: ‘gcd’ is not a member of ‘boost::math’
/home/cloudera/test/IMPALA_HOME/Impala/thirdparty/boost_multiprecision/cpp_int/misc.hpp: In function ‘typename boost::enable_if_c<(boost::multiprecision::backends::is_trivial_cpp_int::value && (Checked1 == boost::multiprecision::unchecked)), void>::type boost::multiprecision::backends::eval_lcm(boost::multiprecision::backends::cpp_int_backend<MinBits, MaxBits, SignType, Checked, Allocator>&, const boost::multiprecision::backends::cpp_int_backend<MinBits, MaxBits, SignType, Checked, Allocator>&, const boost::multiprecision::backends::cpp_int_backend<MinBits, MaxBits, SignType, Checked, Allocator>&)’:
/home/cloudera/test/IMPALA_HOME/Impala/thirdparty/boost_multiprecision/cpp_int/misc.hpp:492: error: ‘lcm’ is not a member of ‘boost::math’
In file included from /home/cloudera/test/IMPALA_HOME/Impala/be/src/util/promise.h:19,
                 from /home/cloudera/test/IMPALA_HOME/Impala/be/src/rpc/auth-provider.h:24,
                 from /home/cloudera/test/IMPALA_HOME/Impala/be/src/rpc/authentication.h:22,
                 from /home/cloudera/test/IMPALA_HOME/Impala/be/src/rpc/thrift-client.h:33,
                 from /home/cloudera/test/IMPALA_HOME/Impala/be/src/statestore/statestore.h:32,
                 from /home/cloudera/test/IMPALA_HOME/Impala/be/src/statestore/statestore-subscriber.h:26,
                 from /home/cloudera/test/IMPALA_HOME/Impala/be/src/catalog/catalog-server.h:28,
                 from /home/cloudera/test/IMPALA_HOME/Impala/be/src/catalog/catalog-server.cc:15:
/home/cloudera/test/IMPALA_HOME/Impala/be/src/runtime/timestamp-value.h: In member function ‘impala::TimestampValue::operator bool() const’:
/home/cloudera/test/IMPALA_HOME/Impala/be/src/runtime/timestamp-value.h:143: error: call of overloaded ‘to_time_t(boost::posix_time::ptime&)’ is ambiguous
/home/cloudera/test/IMPALA_HOME/Impala/be/src/runtime/timestamp-value.h:29: note: candidates are: time_t impala::to_time_t(boost::posix_time::ptime)
/usr/local/include/boost/date_time/posix_time/conversion.hpp:35: note:                 time_t boost::posix_time::to_time_t(boost::posix_time::ptime)
/home/cloudera/test/IMPALA_HOME/Impala/be/src/runtime/timestamp-value.h: In member function ‘impala::TimestampValue::operator int8_t() const’:
/home/cloudera/test/IMPALA_HOME/Impala/be/src/runtime/timestamp-value.h:148: error: call of overloaded ‘to_time_t(boost::posix_time::ptime&)’ is ambiguous
/home/cloudera/test/IMPALA_HOME/Impala/be/src/runtime/timestamp-value.h:29: note: candidates are: time_t impala::to_time_t(boost::posix_time::ptime)
/usr/local/include/boost/date_time/posix_time/conversion.hpp:35: note:                 time_t boost::posix_time::to_time_t(boost::posix_time::ptime)
/home/cloudera/test/IMPALA_HOME/Impala/be/src/runtime/timestamp-value.h: In member function ‘impala::TimestampValue::operator int16_t() const’:
/home/cloudera/test/IMPALA_HOME/Impala/be/src/runtime/timestamp-value.h:153: error: call of overloaded ‘to_time_t(boost::posix_time::ptime&)’ is ambiguous
/home/cloudera/test/IMPALA_HOME/Impala/be/src/runtime/timestamp-value.h:29: note: candidates are: time_t impala::to_time_t(boost::posix_time::ptime)
/usr/local/include/boost/date_time/posix_time/conversion.hpp:35: note:                 time_t boost::posix_time::to_time_t(boost::posix_time::ptime)
/home/cloudera/test/IMPALA_HOME/Impala/be/src/runtime/timestamp-value.h: In member function ‘impala::TimestampValue::operator int32_t() const’:
/home/cloudera/test/IMPALA_HOME/Impala/be/src/runtime/timestamp-value.h:158: error: call of overloaded ‘to_time_t(boost::posix_time::ptime&)’ is ambiguous
/home/cloudera/test/IMPALA_HOME/Impala/be/src/runtime/timestamp-value.h:29: note: candidates are: time_t impala::to_time_t(boost::posix_time::ptime)
/usr/local/include/boost/date_time/posix_time/conversion.hpp:35: note:                 time_t boost::posix_time::to_time_t(boost::posix_time::ptime)
/home/cloudera/test/IMPALA_HOME/Impala/be/src/runtime/timestamp-value.h: In member function ‘impala::TimestampValue::operator int64_t() const’:
/home/cloudera/test/IMPALA_HOME/Impala/be/src/runtime/timestamp-value.h:163: error: call of overloaded ‘to_time_t(boost::posix_time::ptime&)’ is ambiguous
/home/cloudera/test/IMPALA_HOME/Impala/be/src/runtime/timestamp-value.h:29: note: candidates are: time_t impala::to_time_t(boost::posix_time::ptime)
/usr/local/include/boost/date_time/posix_time/conversion.hpp:35: note:                 time_t boost::posix_time::to_time_t(boost::posix_time::ptime)
/home/cloudera/test/IMPALA_HOME/Impala/be/src/runtime/timestamp-value.h: In member function ‘impala::TimestampValue::operator float() const’:
/home/cloudera/test/IMPALA_HOME/Impala/be/src/runtime/timestamp-value.h:168: error: call of overloaded ‘to_time_t(boost::posix_time::ptime&)’ is ambiguous
/home/cloudera/test/IMPALA_HOME/Impala/be/src/runtime/timestamp-value.h:29: note: candidates are: time_t impala::to_time_t(boost::posix_time::ptime)
/usr/local/include/boost/date_time/posix_time/conversion.hpp:35: note:                 time_t boost::posix_time::to_time_t(boost::posix_time::ptime)
/home/cloudera/test/IMPALA_HOME/Impala/be/src/runtime/timestamp-value.h: In member function ‘impala::TimestampValue::operator double() const’:
/home/cloudera/test/IMPALA_HOME/Impala/be/src/runtime/timestamp-value.h:174: error: call of overloaded ‘to_time_t(boost::posix_time::ptime&)’ is ambiguous
/home/cloudera/test/IMPALA_HOME/Impala/be/src/runtime/timestamp-value.h:29: note: candidates are: time_t impala::to_time_t(boost::posix_time::ptime)
/usr/local/include/boost/date_time/posix_time/conversion.hpp:35: note:                 time_t boost::posix_time::to_time_t(boost::posix_time::ptime)
make[2]: *** [be/src/catalog/CMakeFiles/Catalog.dir/catalog-server.cc.o] Error 1
make[1]: *** [be/src/catalog/CMakeFiles/Catalog.dir/all] Error 2
make[1]: *** Waiting for unfinished jobs....
make: *** [all] Error 2
